<?xml version="1.0" encoding="UTF-8"?>
<!-- Generated by org.testng.reporters.JUnitReportReporter -->
<testsuite hostname="vijji" failures="0" tests="1" name="com.rameshsoft.auto.base.BaseEngin" time="0.000" errors="0" timestamp="29 Nov 2019 08:28:41 GMT" skipped="0">
  <testcase classname="com.rameshsoft.auto.base.BaseEngin" name="closeBrowser" time="0.000"/>
</testsuite> <!-- com.rameshsoft.auto.base.BaseEngin -->
